<?xml version="1.0" encoding="UTF-8"?>
<testng-results ignored="0" total="1" passed="1" failed="0" skipped="0">
  <reporter-output>
  </reporter-output>
  <suite started-at="2025-06-02T12:18:07 IST" name="Default suite" finished-at="2025-06-02T12:18:18 IST" duration-ms="10838">
    <groups>
    </groups>
    <test started-at="2025-06-02T12:18:07 IST" name="Default test" finished-at="2025-06-02T12:18:18 IST" duration-ms="10838">
      <class name="screenshotusingeventfiring.SampleTCForScreenShotTest">
        <test-method signature="amazonTest()[pri:0, instance:screenshotusingeventfiring.SampleTCForScreenShotTest@1f2586d6]" started-at="2025-06-02T12:18:07 IST" name="amazonTest" finished-at="2025-06-02T12:18:18 IST" duration-ms="10696" status="PASS">
          <reporter-output>
          </reporter-output>
        </test-method> <!-- amazonTest -->
      </class> <!-- screenshotusingeventfiring.SampleTCForScreenShotTest -->
    </test> <!-- Default test -->
  </suite> <!-- Default suite -->
</testng-results>
