<?xml version="1.0" encoding="UTF-8"?>
<!-- Generated by org.testng.reporters.JUnitXMLReporter -->
<testsuite ignored="0" hostname="LAPTOP-SB7RE8KB" failures="0" tests="3" name="TestRunner-Chrome" time="37.509" errors="0" timestamp="2025-05-30T18:00:23 IST">
  <testcase classname="com.pom.products.Create_All_Products_BaseClass_Test" name="createProductTest" time="5.931"/>
  <testcase classname="com.pom.products.Create_All_Products_BaseClass_Test" name="createProductWithCategoryTest" time="5.05"/>
  <testcase classname="com.pom.products.Create_All_Products_BaseClass_Test" name="createProductWithDatesTest" time="12.27"/>
</testsuite> <!-- TestRunner-Chrome -->
