<?xml version="1.0" encoding="UTF-8"?>
<testng-results ignored="0" total="3" passed="3" failed="0" skipped="0">
  <reporter-output>
  </reporter-output>
  <suite started-at="2025-06-07T14:27:04 IST" name="Default suite" finished-at="2025-06-07T14:27:05 IST" duration-ms="171">
    <groups>
    </groups>
    <test started-at="2025-06-07T14:27:04 IST" name="Default test" finished-at="2025-06-07T14:27:05 IST" duration-ms="171">
      <class name="com.testng.dataprovider.SampleTest">
        <test-method signature="createContactTest(java.lang.String,java.lang.String,long)[pri:0, instance:com.testng.dataprovider.SampleTest@411f53a0]" started-at="2025-06-07T14:27:04 IST" name="createContactTest" data-provider="getData2" finished-at="2025-06-07T14:27:04 IST" duration-ms="26" status="PASS">
          <params>
            <param index="0">
              <value>
                <![CDATA[Ram]]>
              </value>
            </param>
            <param index="1">
              <value>
                <![CDATA[PA]]>
              </value>
            </param>
            <param index="2">
              <value>
                <![CDATA[9876543211]]>
              </value>
            </param>
          </params>
          <reporter-output>
          </reporter-output>
        </test-method> <!-- createContactTest -->
        <test-method signature="createContactTest(java.lang.String,java.lang.String,long)[pri:0, instance:com.testng.dataprovider.SampleTest@411f53a0]" started-at="2025-06-07T14:27:05 IST" name="createContactTest" data-provider="getData2" finished-at="2025-06-07T14:27:05 IST" duration-ms="4" status="PASS">
          <params>
            <param index="0">
              <value>
                <![CDATA[snehaKKK]]>
              </value>
            </param>
            <param index="1">
              <value>
                <![CDATA[QA test Engg]]>
              </value>
            </param>
            <param index="2">
              <value>
                <![CDATA[8876543211]]>
              </value>
            </param>
          </params>
          <reporter-output>
          </reporter-output>
        </test-method> <!-- createContactTest -->
        <test-method signature="createContactTest(java.lang.String,java.lang.String,long)[pri:0, instance:com.testng.dataprovider.SampleTest@411f53a0]" started-at="2025-06-07T14:27:05 IST" name="createContactTest" data-provider="getData2" finished-at="2025-06-07T14:27:05 IST" duration-ms="3" status="PASS">
          <params>
            <param index="0">
              <value>
                <![CDATA[DingiSSS]]>
              </value>
            </param>
            <param index="1">
              <value>
                <![CDATA[Full SDET ]]>
              </value>
            </param>
            <param index="2">
              <value>
                <![CDATA[7876543211]]>
              </value>
            </param>
          </params>
          <reporter-output>
          </reporter-output>
        </test-method> <!-- createContactTest -->
      </class> <!-- com.testng.dataprovider.SampleTest -->
    </test> <!-- Default test -->
  </suite> <!-- Default suite -->
</testng-results>
