<?xml version="1.0" encoding="UTF-8"?>
<!-- Generated by org.testng.reporters.JUnitXMLReporter -->
<testsuite ignored="0" hostname="LAPTOP-SB7RE8KB" failures="0" tests="3" name="Default test" time="46.394" errors="0" timestamp="2025-05-30T12:35:41 IST">
  <testcase classname="com.pom.org.Create_All_Organization_BaseClass_Test" name="createContactTest" time="9.764"/>
  <testcase classname="com.pom.org.Create_All_Organization_BaseClass_Test" name="createOrganizationWithIndustriesTest" time="7.669"/>
  <testcase classname="com.pom.org.Create_All_Organization_BaseClass_Test" name="createOrganizationWithPhoneNumberTest" time="7.54"/>
</testsuite> <!-- Default test -->
