<?xml version="1.0" encoding="UTF-8"?>
<!-- Generated by org.testng.reporters.JUnitXMLReporter -->
<testsuite ignored="0" hostname="LAPTOP-SB7RE8KB" failures="0" tests="3" name="Default test" time="0.171" errors="0" timestamp="2025-06-07T14:27:05 IST">
  <testcase classname="com.testng.dataprovider.SampleTest" name="createContactTest" time="0.026"/>
  <testcase classname="com.testng.dataprovider.SampleTest" name="createContactTest" time="0.004"/>
  <testcase classname="com.testng.dataprovider.SampleTest" name="createContactTest" time="0.003"/>
</testsuite> <!-- Default test -->
