<?xml version="1.0" encoding="UTF-8"?>
<testng-results ignored="0" total="3" passed="3" failed="0" skipped="0">
  <reporter-output>
  </reporter-output>
  <suite started-at="2025-05-30T12:34:54 IST" name="Default suite" finished-at="2025-05-30T12:35:41 IST" duration-ms="46394">
    <groups>
      <group name="SmokeTest">
        <method signature="Create_All_Organization_BaseClass_Test.createContactTest()[pri:0, instance:com.pom.org.Create_All_Organization_BaseClass_Test@4116aac9]" name="createContactTest" class="com.pom.org.Create_All_Organization_BaseClass_Test"/>
      </group> <!-- SmokeTest -->
      <group name="RegressionTest">
        <method signature="Create_All_Organization_BaseClass_Test.createOrganizationWithIndustriesTest()[pri:0, instance:com.pom.org.Create_All_Organization_BaseClass_Test@4116aac9]" name="createOrganizationWithIndustriesTest" class="com.pom.org.Create_All_Organization_BaseClass_Test"/>
        <method signature="Create_All_Organization_BaseClass_Test.createOrganizationWithPhoneNumberTest()[pri:0, instance:com.pom.org.Create_All_Organization_BaseClass_Test@4116aac9]" name="createOrganizationWithPhoneNumberTest" class="com.pom.org.Create_All_Organization_BaseClass_Test"/>
      </group> <!-- RegressionTest -->
    </groups>
    <test started-at="2025-05-30T12:34:54 IST" name="Default test" finished-at="2025-05-30T12:35:41 IST" duration-ms="46394">
      <class name="com.pom.org.Create_All_Organization_BaseClass_Test">
        <test-method is-config="true" signature="configBS()[pri:0, instance:com.pom.org.Create_All_Organization_BaseClass_Test@4116aac9]" started-at="2025-05-30T12:34:54 IST" name="configBS" finished-at="2025-05-30T12:34:54 IST" duration-ms="757" status="PASS">
          <reporter-output>
          </reporter-output>
        </test-method> <!-- configBS -->
        <test-method is-config="true" signature="configBC()[pri:0, instance:com.pom.org.Create_All_Organization_BaseClass_Test@4116aac9]" started-at="2025-05-30T12:34:55 IST" name="configBC" finished-at="2025-05-30T12:35:01 IST" duration-ms="6833" status="PASS">
          <reporter-output>
          </reporter-output>
        </test-method> <!-- configBC -->
        <test-method is-config="true" signature="configBM()[pri:0, instance:com.pom.org.Create_All_Organization_BaseClass_Test@4116aac9]" started-at="2025-05-30T12:35:01 IST" name="configBM" finished-at="2025-05-30T12:35:07 IST" duration-ms="5817" status="PASS">
          <reporter-output>
          </reporter-output>
        </test-method> <!-- configBM -->
        <test-method signature="createContactTest()[pri:0, instance:com.pom.org.Create_All_Organization_BaseClass_Test@4116aac9]" started-at="2025-05-30T12:35:07 IST" name="createContactTest" finished-at="2025-05-30T12:35:17 IST" duration-ms="9764" status="PASS">
          <reporter-output>
          </reporter-output>
        </test-method> <!-- createContactTest -->
        <test-method is-config="true" signature="configAM()[pri:0, instance:com.pom.org.Create_All_Organization_BaseClass_Test@4116aac9]" started-at="2025-05-30T12:35:17 IST" name="configAM" finished-at="2025-05-30T12:35:18 IST" duration-ms="941" status="PASS">
          <reporter-output>
          </reporter-output>
        </test-method> <!-- configAM -->
        <test-method is-config="true" signature="configBM()[pri:0, instance:com.pom.org.Create_All_Organization_BaseClass_Test@4116aac9]" started-at="2025-05-30T12:35:18 IST" name="configBM" finished-at="2025-05-30T12:35:19 IST" duration-ms="1350" status="PASS">
          <reporter-output>
          </reporter-output>
        </test-method> <!-- configBM -->
        <test-method signature="createOrganizationWithIndustriesTest()[pri:0, instance:com.pom.org.Create_All_Organization_BaseClass_Test@4116aac9]" started-at="2025-05-30T12:35:19 IST" name="createOrganizationWithIndustriesTest" finished-at="2025-05-30T12:35:27 IST" duration-ms="7669" status="PASS">
          <reporter-output>
          </reporter-output>
        </test-method> <!-- createOrganizationWithIndustriesTest -->
        <test-method is-config="true" signature="configAM()[pri:0, instance:com.pom.org.Create_All_Organization_BaseClass_Test@4116aac9]" started-at="2025-05-30T12:35:27 IST" name="configAM" finished-at="2025-05-30T12:35:28 IST" duration-ms="992" status="PASS">
          <reporter-output>
          </reporter-output>
        </test-method> <!-- configAM -->
        <test-method is-config="true" signature="configBM()[pri:0, instance:com.pom.org.Create_All_Organization_BaseClass_Test@4116aac9]" started-at="2025-05-30T12:35:28 IST" name="configBM" finished-at="2025-05-30T12:35:30 IST" duration-ms="1876" status="PASS">
          <reporter-output>
          </reporter-output>
        </test-method> <!-- configBM -->
        <test-method signature="createOrganizationWithPhoneNumberTest()[pri:0, instance:com.pom.org.Create_All_Organization_BaseClass_Test@4116aac9]" started-at="2025-05-30T12:35:30 IST" name="createOrganizationWithPhoneNumberTest" finished-at="2025-05-30T12:35:37 IST" duration-ms="7540" status="PASS">
          <reporter-output>
          </reporter-output>
        </test-method> <!-- createOrganizationWithPhoneNumberTest -->
        <test-method is-config="true" signature="configAM()[pri:0, instance:com.pom.org.Create_All_Organization_BaseClass_Test@4116aac9]" started-at="2025-05-30T12:35:37 IST" name="configAM" finished-at="2025-05-30T12:35:38 IST" duration-ms="892" status="PASS">
          <reporter-output>
          </reporter-output>
        </test-method> <!-- configAM -->
        <test-method is-config="true" signature="configAC()[pri:0, instance:com.pom.org.Create_All_Organization_BaseClass_Test@4116aac9]" started-at="2025-05-30T12:35:38 IST" name="configAC" finished-at="2025-05-30T12:35:41 IST" duration-ms="2561" status="PASS">
          <reporter-output>
          </reporter-output>
        </test-method> <!-- configAC -->
        <test-method is-config="true" signature="configAS()[pri:0, instance:com.pom.org.Create_All_Organization_BaseClass_Test@4116aac9]" started-at="2025-05-30T12:35:41 IST" name="configAS" finished-at="2025-05-30T12:35:41 IST" duration-ms="39" status="PASS">
          <reporter-output>
          </reporter-output>
        </test-method> <!-- configAS -->
      </class> <!-- com.pom.org.Create_All_Organization_BaseClass_Test -->
    </test> <!-- Default test -->
  </suite> <!-- Default suite -->
</testng-results>
