<?xml version="1.0" encoding="UTF-8"?>
<testng-results ignored="0" total="1" passed="1" failed="0" skipped="0">
  <reporter-output>
  </reporter-output>
  <suite started-at="2025-05-15T16:19:48 IST" name="Surefire suite" finished-at="2025-05-15T16:19:48 IST" duration-ms="44">
    <groups>
    </groups>
    <test started-at="2025-05-15T16:19:48 IST" name="Surefire test" finished-at="2025-05-15T16:19:48 IST" duration-ms="44">
      <class name="cmd.ReadRntimeMavenParameterTest">
        <test-method signature="runtimeParameterTest()[pri:0, instance:cmd.ReadRntimeMavenParameterTest@2f112965]" started-at="2025-05-15T16:19:48 IST" name="runtimeParameterTest" finished-at="2025-05-15T16:19:48 IST" duration-ms="5" status="PASS">
          <reporter-output>
          </reporter-output>
        </test-method> <!-- runtimeParameterTest -->
      </class> <!-- cmd.ReadRntimeMavenParameterTest -->
    </test> <!-- Surefire test -->
  </suite> <!-- Surefire suite -->
</testng-results>
