<?xml version="1.0" encoding="UTF-8"?>
<!-- Generated by org.testng.reporters.JUnitXMLReporter -->
<testsuite ignored="10" hostname="LAPTOP-SB7RE8KB" failures="0" tests="3" name="Test" time="41.9" errors="0" timestamp="2025-05-29T15:16:34 IST">
  <testcase classname="com.pom.contact.Create_All_Contact_BaseClass_Test" name="createContactTest" time="6.192"/>
  <testcase classname="com.pom.products.Create_All_Products_BaseClass_Test" name="createContactTest" time="6.323"/>
  <testcase classname="com.pom.org.Create_All_Organization_BaseClass_Test" name="createContactTest" time="6.13"/>
  <testcase classname="com.pom.contact.Create_All_Contact_BaseClass_Test" name="createContactWithSupportDate" time="0.0">
    <ignored/>
  </testcase> <!-- createContactWithSupportDate -->
  <testcase classname="com.pom.contact.Create_All_Contact_BaseClass_Test" name="createContactWithOrganisationIntegration" time="0.0">
    <ignored/>
  </testcase> <!-- createContactWithOrganisationIntegration -->
  <testcase classname="com.pom.products.Create_All_Products_BaseClass_Test" name="createContactWithCategoryTest" time="0.0">
    <ignored/>
  </testcase> <!-- createContactWithCategoryTest -->
  <testcase classname="com.pom.products.Create_All_Products_BaseClass_Test" name="createContactWithDatesTest" time="0.0">
    <ignored/>
  </testcase> <!-- createContactWithDatesTest -->
  <testcase classname="com.pom.org.Create_All_Organization_BaseClass_Test" name="createContactWithPhoneNumberTest" time="0.0">
    <ignored/>
  </testcase> <!-- createContactWithPhoneNumberTest -->
  <testcase classname="com.comcast.crm.basetest.BaseClass" name="@BeforeSuite configBS" time="0.0">
    <ignored/>
  </testcase> <!-- @BeforeSuite configBS -->
  <testcase classname="com.pom.org.Create_All_Organization_BaseClass_Test" name="createContactWithIndustriesTest" time="0.0">
    <ignored/>
  </testcase> <!-- createContactWithIndustriesTest -->
  <testcase classname="com.comcast.crm.basetest.BaseClass" name="@AfterSuite configAS" time="0.0">
    <ignored/>
  </testcase> <!-- @AfterSuite configAS -->
  <testcase classname="com.comcast.crm.basetest.BaseClass" name="@BeforeSuite configBS" time="0.0">
    <ignored/>
  </testcase> <!-- @BeforeSuite configBS -->
  <testcase classname="com.comcast.crm.basetest.BaseClass" name="@AfterSuite configAS" time="0.0">
    <ignored/>
  </testcase> <!-- @AfterSuite configAS -->
</testsuite> <!-- Test -->
