<?xml version="1.0" encoding="UTF-8"?>
<!-- Generated by org.testng.reporters.JUnitXMLReporter -->
<testsuite ignored="2" hostname="LAPTOP-SB7RE8KB" failures="0" tests="6" name="TestRunner-Chrome" time="58.541" errors="0" timestamp="2025-05-30T12:10:28 IST">
  <testcase classname="com.pom.products.Create_All_Products_BaseClass_Test" name="createProductTest" time="5.114"/>
  <testcase classname="com.pom.products.Create_All_Products_BaseClass_Test" name="createProductWithCategoryTest" time="3.89"/>
  <testcase classname="com.pom.products.Create_All_Products_BaseClass_Test" name="createProductWithDatesTest" time="11.134"/>
  <testcase classname="com.pom.org.Create_All_Organization_BaseClass_Test" name="createContactTest" time="7.709"/>
  <testcase classname="com.pom.org.Create_All_Organization_BaseClass_Test" name="createOrganizationWithIndustriesTest" time="4.508"/>
  <testcase classname="com.pom.org.Create_All_Organization_BaseClass_Test" name="createOrganizationWithPhoneNumberTest" time="7.649"/>
  <testcase classname="com.comcast.crm.basetest.BaseClass" name="@BeforeSuite configBS" time="0.0">
    <ignored/>
  </testcase> <!-- @BeforeSuite configBS -->
  <testcase classname="com.comcast.crm.basetest.BaseClass" name="@AfterSuite configAS" time="0.0">
    <ignored/>
  </testcase> <!-- @AfterSuite configAS -->
</testsuite> <!-- TestRunner-Chrome -->
